[03/17/2025 12:28:00] A: Session id: 74e8eb53-f761-42b6-903e-e4cc419bda17
[03/17/2025 12:28:00] A: Code Processor information: Name :SnowConvert, Version: 1.2.6.0
[03/17/2025 12:28:00] A: Getting license
[03/17/2025 12:28:00] A: License information
	Status: Successful
[03/17/2025 12:28:00] a: Starting to validate parameters
[03/17/2025 12:28:00] a: Parameters to validate: 
	Execution mode: Conversion
	CommentIfMissingDependencies: False
	CreateEstimationReports: False
	Encoding: 65001
	UseExistingNameQualification: False
	PLTargetLanguage: SnowScript
	TargetLag: 1 day
	Warehouse: UPDATE_DUMMY_WAREHOUSE
	ConversionRateMode: LoC
[03/17/2025 12:28:00] a: Validation of parameters: Success
[03/17/2025 12:28:00] A: Getting code descriptor
[03/17/2025 12:28:00] A: Code descriptor information
	Units: 63
	Units type: LOC
	All file bytes: 2208
	All found extensions: .sql
[03/17/2025 12:28:00] A: Calculating fingerprint
[03/17/2025 12:28:00] A: Fingerprint information Fingerprint(size=2208,projects=1)
[03/17/2025 12:28:00] a: Starting to validate active license
[03/17/2025 12:28:00] a: Active license validation: Success
[03/17/2025 12:28:00] A: License information
	License key ends with: b554
	Start date: 2025/02/25
	Expiration date: 2025/05/25
	Execution mode: Conversion
	Unit type: Lines of Code
	Created by: bhakti.patil@tulapi.ai
	Remaining activations: -2
	Products: SnowConvert
[03/17/2025 12:28:00] A: Getting license
[03/17/2025 12:28:00] A: License information
	Status: Successful
[03/17/2025 12:28:02] A: Starting the execution of the controller
[03/17/2025 12:28:02] A: Executing the worker: SnowConvert
[03/17/2025 12:28:12] A: Finished executing the worker: SnowConvert
[03/17/2025 12:28:12] A: Executing the worker: GenericScanner
[03/17/2025 12:28:12] A: Finished executing the worker: GenericScanner
[03/17/2025 12:28:13] a: Controller execution ended
[03/17/2025 12:28:13] a: Starting to upload the Assessment results
[03/17/2025 12:28:15] a: A assessment upload
