[03/04/2025 10:58:25] A: Session id: d36e5bb6-2457-444d-b620-3d9bc30470a3
[03/04/2025 10:58:25] A: Code Processor information: Name :SnowConvert, Version: 1.2.6.0
[03/04/2025 10:58:25] A: Getting license
[03/04/2025 10:58:25] A: License information
	Status: Successful
[03/04/2025 10:58:25] a: Starting to validate parameters
[03/04/2025 10:58:25] a: Parameters to validate: 
	Execution mode: Conversion
	CommentIfMissingDependencies: False
	CreateEstimationReports: False
	Encoding: 65001
	UseExistingNameQualification: False
	PLTargetLanguage: SnowScript
	TargetLag: 1 day
	Warehouse: UPDATE_DUMMY_WAREHOUSE
	ConversionRateMode: LoC
[03/04/2025 10:58:25] a: Validation of parameters: Success
[03/04/2025 10:58:25] A: Getting code descriptor
[03/04/2025 10:58:25] A: Code descriptor information
	Units: 63
	Units type: LOC
	All file bytes: 2208
	All found extensions: .sql
[03/04/2025 10:58:25] A: Calculating fingerprint
[03/04/2025 10:58:25] A: Fingerprint information Fingerprint(size=2208,projects=1)
[03/04/2025 10:58:25] a: Starting to validate active license
[03/04/2025 10:58:25] a: Active license validation: Success
[03/04/2025 10:58:25] A: License information
	License key ends with: b554
	Start date: 2025/02/25
	Expiration date: 2025/05/25
	Execution mode: Conversion
	Unit type: Lines of Code
	Created by: bhakti.patil@tulapi.ai
	Remaining activations: -2
	Products: SnowConvert
[03/04/2025 10:58:25] A: Getting license
[03/04/2025 10:58:25] A: License information
	Status: Successful
[03/04/2025 10:58:26] A: Starting the execution of the controller
[03/04/2025 10:58:26] A: Executing the worker: SnowConvert
[03/04/2025 10:58:36] A: Finished executing the worker: SnowConvert
[03/04/2025 10:58:36] A: Executing the worker: GenericScanner
[03/04/2025 10:58:37] A: Finished executing the worker: GenericScanner
[03/04/2025 10:58:38] a: Controller execution ended
[03/04/2025 10:58:38] a: Starting to upload the Assessment results
[03/04/2025 10:58:40] a: A assessment upload
