[03/19/2025 16:34:09] A: Session id: 8333b4bd-f378-4cd6-8ac6-a68ad4425f21
[03/19/2025 16:34:09] A: Code Processor information: Name :SnowConvert, Version: 1.2.6.0
[03/19/2025 16:34:09] A: Getting license
[03/19/2025 16:34:09] A: License information
	Status: Successful
[03/19/2025 16:34:09] a: Starting to validate parameters
[03/19/2025 16:34:09] a: Parameters to validate: 
	Execution mode: Conversion
	CommentIfMissingDependencies: False
	CreateEstimationReports: False
	Encoding: 65001
	UseExistingNameQualification: False
	PLTargetLanguage: SnowScript
	TargetLag: 1 day
	Warehouse: UPDATE_DUMMY_WAREHOUSE
	ConversionRateMode: LoC
[03/19/2025 16:34:09] a: Validation of parameters: Success
[03/19/2025 16:34:09] A: Getting code descriptor
[03/19/2025 16:34:09] A: Code descriptor information
	Units: 63
	Units type: LOC
	All file bytes: 2208
	All found extensions: .sql
[03/19/2025 16:34:09] A: Calculating fingerprint
[03/19/2025 16:34:09] A: Fingerprint information Fingerprint(size=2208,projects=1)
[03/19/2025 16:34:09] a: Starting to validate active license
[03/19/2025 16:34:09] a: Active license validation: Success
[03/19/2025 16:34:09] A: License information
	License key ends with: b554
	Start date: 2025/02/25
	Expiration date: 2025/05/25
	Execution mode: Conversion
	Unit type: Lines of Code
	Created by: bhakti.patil@tulapi.ai
	Remaining activations: -2
	Products: SnowConvert
[03/19/2025 16:34:09] A: Getting license
[03/19/2025 16:34:09] A: License information
	Status: Successful
[03/19/2025 16:34:22] A: Starting the execution of the controller
[03/19/2025 16:34:22] A: Executing the worker: SnowConvert
[03/19/2025 16:34:36] A: Finished executing the worker: SnowConvert
[03/19/2025 16:34:36] A: Executing the worker: GenericScanner
[03/19/2025 16:34:36] A: Finished executing the worker: GenericScanner
[03/19/2025 16:34:37] a: Controller execution ended
[03/19/2025 16:34:37] a: Starting to upload the Assessment results
[03/19/2025 16:34:40] a: A assessment upload
