[03-03-2025 14:09:22] Info: SourceLanguage set to Transact based on the appsettings configuration.
[03-03-2025 14:09:22] Info: No path specified for loading additional transformation rules
[03-03-2025 14:09:22] Info: Starting to analyze the input path 'C:\Users\shreya.naik\Documents\Flask\Sp_demo\sql_output\Airbyte_demo_base'...
[03-03-2025 14:09:27] Info: EFProcess 638766077669710682 started
[03-03-2025 14:09:27] Debug: TaskParam TaskProvider = Mobilize.Snow.ConversionTool.Tasks.SnowConvertTaskProvider
[03-03-2025 14:09:27] Debug: TaskParam ConversionBeginTask.Input = C:\Users\shreya.naik\Documents\Flask\Sp_demo\sql_output\Airbyte_demo_base\input.wsp
[03-03-2025 14:09:27] Debug: TaskParam workingSet = Value is not created.
[03-03-2025 14:09:27] Debug: TaskParam ConversionBeginTask.ItemMedatada = Artinsoft.Common.Store.ItemMetadata
[03-03-2025 14:09:27] Debug: TaskParam ConversionBeginTask.Enabled = True
[03-03-2025 14:09:27] Debug: TaskParam Repository = Value is not created.
[03-03-2025 14:09:27] Debug: TaskParam RepositoryDirectory = C:\Users\shreya.naik\Documents\Flask\Sp_demo\converted_output\.mobilize\CommonEF
[03-03-2025 14:09:27] Info: Found 5 Sql files with a total size of 2.16KB
[03-03-2025 14:09:27] Info: Starting the parsing process of 5 files with 2.16KB of code, this might take a while...
[03-03-2025 14:09:27] Info: Step 1/8 - Loading Code: STARTED
[03-03-2025 14:09:28] Info: Step 1/8 - Loading Code: COMPLETED
[03-03-2025 14:09:28] Debug: TaskParam TaskProvider = Mobilize.Snow.ConversionTool.Tasks.SnowConvertTaskProvider
[03-03-2025 14:09:28] Debug: TaskParam SymbolTableFillingTask.Input = C:\Users\shreya.naik\Documents\Flask\Sp_demo\sql_output\Airbyte_demo_base\input.wsp
[03-03-2025 14:09:28] Debug: TaskParam workingSet = Artinsoft.Common.Store.RepositoryWorkingSet`2[System.String,Artinsoft.Common.Store.IItemContainer]
[03-03-2025 14:09:28] Debug: TaskParam SymbolTableFillingTask.ItemMedatada = Artinsoft.Common.Store.ItemMetadata
[03-03-2025 14:09:28] Debug: TaskParam SymbolTableFillingTask.Enabled = True
[03-03-2025 14:09:28] Debug: TaskParam Repository = Artinsoft.Common.Store.Repository
[03-03-2025 14:09:28] Debug: TaskParam RepositoryDirectory = C:\Users\shreya.naik\Documents\Flask\Sp_demo\converted_output\.mobilize\CommonEF
[03-03-2025 14:09:28] Info: Step 2/8 - Semantic Analysis of Tables: STARTED
[03-03-2025 14:09:28] Info: Step 2/8 - Semantic Analysis of Tables: COMPLETED
[03-03-2025 14:09:28] Debug: TaskParam TaskProvider = Mobilize.Snow.ConversionTool.Tasks.SnowConvertTaskProvider
[03-03-2025 14:09:28] Debug: TaskParam SymbolTableFillingSecondTask.Input = C:\Users\shreya.naik\Documents\Flask\Sp_demo\sql_output\Airbyte_demo_base\input.wsp
[03-03-2025 14:09:28] Debug: TaskParam workingSet = Artinsoft.Common.Store.RepositoryWorkingSet`2[System.String,Artinsoft.Common.Store.IItemContainer]
[03-03-2025 14:09:28] Debug: TaskParam SymbolTableFillingSecondTask.ItemMedatada = Artinsoft.Common.Store.ItemMetadata
[03-03-2025 14:09:28] Debug: TaskParam SymbolTableFillingSecondTask.Enabled = True
[03-03-2025 14:09:28] Debug: TaskParam Repository = Artinsoft.Common.Store.Repository
[03-03-2025 14:09:28] Debug: TaskParam RepositoryDirectory = C:\Users\shreya.naik\Documents\Flask\Sp_demo\converted_output\.mobilize\CommonEF
[03-03-2025 14:09:28] Info: Step 3/8 - Semantic Analysis of Top Level Objects: STARTED
[03-03-2025 14:09:29] Info: Step 3/8 - Semantic Analysis of Top Level Objects: STORING
[03-03-2025 14:09:29] Info: Step 3/8 - Semantic Analysis of Top Level Objects: STORED
[03-03-2025 14:09:29] Info: Step 3/8 - Semantic Analysis of Top Level Objects: COMPLETED
[03-03-2025 14:09:29] Debug: TaskParam TaskProvider = Mobilize.Snow.ConversionTool.Tasks.SnowConvertTaskProvider
[03-03-2025 14:09:29] Debug: TaskParam PreProcessTask.Input = C:\Users\shreya.naik\Documents\Flask\Sp_demo\sql_output\Airbyte_demo_base\input.wsp
[03-03-2025 14:09:29] Debug: TaskParam workingSet = Artinsoft.Common.Store.RepositoryWorkingSet`2[System.String,Artinsoft.Common.Store.IItemContainer]
[03-03-2025 14:09:29] Debug: TaskParam PreProcessTask.ItemMedatada = Artinsoft.Common.Store.ItemMetadata
[03-03-2025 14:09:29] Debug: TaskParam PreProcessTask.Enabled = True
[03-03-2025 14:09:29] Debug: TaskParam Repository = Artinsoft.Common.Store.Repository
[03-03-2025 14:09:29] Debug: TaskParam RepositoryDirectory = C:\Users\shreya.naik\Documents\Flask\Sp_demo\converted_output\.mobilize\CommonEF
[03-03-2025 14:09:29] Info: Step 4/8 - Pre-Processing: STARTED
[03-03-2025 14:09:30] Info: Step 4/8 - Pre-Processing: COMPLETED
[03-03-2025 14:09:30] Debug: TaskParam Lineage.Input = C:\Users\shreya.naik\Documents\Flask\Sp_demo\sql_output\Airbyte_demo_base\input.wsp
[03-03-2025 14:09:30] Debug: TaskParam workingSet = Artinsoft.Common.Store.RepositoryWorkingSet`2[System.String,Artinsoft.Common.Store.IItemContainer]
[03-03-2025 14:09:30] Debug: TaskParam Lineage.ItemMedatada = Artinsoft.Common.Store.ItemMetadata
[03-03-2025 14:09:30] Debug: TaskParam Lineage.Enabled = True
[03-03-2025 14:09:30] Debug: TaskParam Repository = Artinsoft.Common.Store.Repository
[03-03-2025 14:09:30] Debug: TaskParam RepositoryDirectory = C:\Users\shreya.naik\Documents\Flask\Sp_demo\converted_output\.mobilize\CommonEF
[03-03-2025 14:09:30] Info: Step 5/8 - Data lineage analysis: STARTED
[03-03-2025 14:09:30] Info: Step 5/8 - Data lineage analysis: COMPLETED
[03-03-2025 14:09:30] Debug: TaskParam TaskProvider = Mobilize.Snow.ConversionTool.Tasks.SnowConvertTaskProvider
[03-03-2025 14:09:30] Debug: TaskParam PreConversionAssessmentTask.Input = C:\Users\shreya.naik\Documents\Flask\Sp_demo\sql_output\Airbyte_demo_base\input.wsp
[03-03-2025 14:09:30] Debug: TaskParam workingSet = Artinsoft.Common.Store.RepositoryWorkingSet`2[System.String,Artinsoft.Common.Store.IItemContainer]
[03-03-2025 14:09:30] Debug: TaskParam PreConversionAssessmentTask.ItemMedatada = Artinsoft.Common.Store.ItemMetadata
[03-03-2025 14:09:30] Debug: TaskParam PreConversionAssessmentTask.Enabled = True
[03-03-2025 14:09:30] Debug: TaskParam Repository = Artinsoft.Common.Store.Repository
[03-03-2025 14:09:30] Debug: TaskParam RepositoryDirectory = C:\Users\shreya.naik\Documents\Flask\Sp_demo\converted_output\.mobilize\CommonEF
[03-03-2025 14:09:30] Info: Step 6/8 - Pre-Conversion Assessment: STARTED
[03-03-2025 14:09:31] Info: Step 6/8 - Pre-Conversion Assessment: COMPLETED
[03-03-2025 14:09:31] Debug: TaskParam TaskProvider = Mobilize.Snow.ConversionTool.Tasks.SnowConvertTaskProvider
[03-03-2025 14:09:31] Debug: TaskParam TransformationsTask.Input = C:\Users\shreya.naik\Documents\Flask\Sp_demo\sql_output\Airbyte_demo_base\input.wsp
[03-03-2025 14:09:31] Debug: TaskParam workingSet = Artinsoft.Common.Store.RepositoryWorkingSet`2[System.String,Artinsoft.Common.Store.IItemContainer]
[03-03-2025 14:09:31] Debug: TaskParam TransformationsTask.ItemMedatada = Artinsoft.Common.Store.ItemMetadata
[03-03-2025 14:09:31] Debug: TaskParam TransformationsTask.Enabled = True
[03-03-2025 14:09:31] Debug: TaskParam Repository = Artinsoft.Common.Store.Repository
[03-03-2025 14:09:31] Debug: TaskParam RepositoryDirectory = C:\Users\shreya.naik\Documents\Flask\Sp_demo\converted_output\.mobilize\CommonEF
[03-03-2025 14:09:31] Info: Step 7/8 - Conversion Execution: STARTED
[03-03-2025 14:09:31] Info: Start transforming file dbo_GetInactiveCustomers.sql
[03-03-2025 14:09:31] Info: Start transforming file dbo_GetCustomerRentals.sql
[03-03-2025 14:09:31] Info: Start transforming file dbo_GetStoreRevenue.sql
[03-03-2025 14:09:31] Info: Start transforming file dbo_GetTopRentedMovies.sql
[03-03-2025 14:09:31] Info: Start transforming file dbo_AddRental.sql
[03-03-2025 14:09:31] Info: Transformed file dbo_GetCustomerRentals.sql
[03-03-2025 14:09:31] Info: Transformed file dbo_GetInactiveCustomers.sql
[03-03-2025 14:09:31] Info: Transformed file dbo_GetStoreRevenue.sql
[03-03-2025 14:09:31] Info: Transformed file dbo_GetTopRentedMovies.sql
[03-03-2025 14:09:31] Info: Transformed file dbo_AddRental.sql
[03-03-2025 14:09:31] Info: Step 7/8 - Conversion Execution: COMPLETED
[03-03-2025 14:09:31] Debug: TaskParam SnowScript = True
[03-03-2025 14:09:31] Debug: TaskParam reportPath = C:\Users\shreya.naik\Documents\Flask\Sp_demo\converted_output\Reports\SnowConvert
[03-03-2025 14:09:31] Debug: TaskParam totalProcessedLOC = 0
[03-03-2025 14:09:31] Debug: TaskParam inputPath = C:\Users\shreya.naik\Documents\Flask\Sp_demo\sql_output\Airbyte_demo_base
[03-03-2025 14:09:31] Debug: TaskParam outputPath = C:\Users\shreya.naik\Documents\Flask\Sp_demo\converted_output\Output\SnowConvert
[03-03-2025 14:09:31] Debug: TaskParam SessionTimestamp = 20250303.140921
[03-03-2025 14:09:31] Debug: TaskParam snowConfiguration = Mobilize.Snow.Configuration.SnowConfiguration
[03-03-2025 14:09:31] Debug: TaskParam DashboardMode = False
[03-03-2025 14:09:31] Debug: TaskParam writeResultsProgressDescriptor = Mobilize.Common.Utils.Progress.SingleProgressDescriptor
[03-03-2025 14:09:31] Debug: TaskParam snowExecutionResult = Mobilize.Snow.Assessment.SnowExecutionResult
[03-03-2025 14:09:31] Debug: TaskParam ConversionEndTask.Input = C:\Users\shreya.naik\Documents\Flask\Sp_demo\sql_output\Airbyte_demo_base\input.wsp
[03-03-2025 14:09:31] Debug: TaskParam workingSet = Artinsoft.Common.Store.RepositoryWorkingSet`2[System.String,Artinsoft.Common.Store.IItemContainer]
[03-03-2025 14:09:31] Debug: TaskParam ConversionEndTask.ItemMedatada = Artinsoft.Common.Store.ItemMetadata
[03-03-2025 14:09:31] Debug: TaskParam ConversionEndTask.Enabled = True
[03-03-2025 14:09:31] Debug: TaskParam Repository = Artinsoft.Common.Store.Repository
[03-03-2025 14:09:31] Debug: TaskParam RepositoryDirectory = C:\Users\shreya.naik\Documents\Flask\Sp_demo\converted_output\.mobilize\CommonEF
[03-03-2025 14:09:31] Info: EFProcess 638766077669710682 ended. Execution time: 00:00:04.7103519
[03-03-2025 14:09:31] Info: STARTED Step 8/8: Stats and Reports
[03-03-2025 14:09:31] Info: Writing the conversion summary report
[03-03-2025 14:09:32] Info: Writing the Assessment report
[03-03-2025 14:09:32] Info: Writing the Scope Validations report
[03-03-2025 14:09:32] Info: Writing the raw assessment data report
[03-03-2025 14:09:32] Info: Writing the Elements report
[03-03-2025 14:09:32] Info: Writing the Issues report
[03-03-2025 14:09:32] Info: Writing the missing objects report
[03-03-2025 14:09:32] Info: Writing the object references report
[03-03-2025 14:09:32] Info: Writing the top level code unit report
[03-03-2025 14:09:32] Info: Uploading metadata
[03-03-2025 14:09:32] Info: COMPLETED Step 8/8: Stats and Reports
[03-03-2025 14:09:32] Info: 
==============================================================================
SnowConvert assessment execution summary
 - Files: 5
 - Files Not Generated: 0
 - Total lines of code: 63
 - Automatically converted: 90.48%
 - Conversion time: 00:00:04
 - Conversion speed: 12 lines of code per second
See the report files for more details about the conversion status.
==============================================================================

[03-03-2025 14:09:32] Info: 
==============================================================================
SnowConvert Tool.
Copyright © 2023-2025 Snowflake Inc. All rights reserved.
==============================================================================

