[04-03-2025 10:58:26] Info: SourceLanguage set to Transact based on the appsettings configuration.
[04-03-2025 10:58:27] Info: No path specified for loading additional transformation rules
[04-03-2025 10:58:27] Info: Starting to analyze the input path 'C:\Users\shreya.naik\Documents\Flask\Sp_demo\sql_output\Airbyte_demo_base'...
[04-03-2025 10:58:31] Info: EFProcess 638766827117022279 started
[04-03-2025 10:58:31] Debug: TaskParam TaskProvider = Mobilize.Snow.ConversionTool.Tasks.SnowConvertTaskProvider
[04-03-2025 10:58:31] Debug: TaskParam ConversionBeginTask.Input = C:\Users\shreya.naik\Documents\Flask\Sp_demo\sql_output\Airbyte_demo_base\input.wsp
[04-03-2025 10:58:31] Debug: TaskParam workingSet = Value is not created.
[04-03-2025 10:58:31] Debug: TaskParam ConversionBeginTask.ItemMedatada = Artinsoft.Common.Store.ItemMetadata
[04-03-2025 10:58:31] Debug: TaskParam ConversionBeginTask.Enabled = True
[04-03-2025 10:58:31] Debug: TaskParam Repository = Value is not created.
[04-03-2025 10:58:31] Debug: TaskParam RepositoryDirectory = C:\Users\shreya.naik\Documents\Flask\Sp_demo\converted_output\.mobilize\CommonEF
[04-03-2025 10:58:32] Info: Found 5 Sql files with a total size of 2.16KB
[04-03-2025 10:58:32] Info: Starting the parsing process of 5 files with 2.16KB of code, this might take a while...
[04-03-2025 10:58:32] Info: Step 1/8 - Loading Code: STARTED
[04-03-2025 10:58:32] Info: Step 1/8 - Loading Code: COMPLETED
[04-03-2025 10:58:32] Debug: TaskParam TaskProvider = Mobilize.Snow.ConversionTool.Tasks.SnowConvertTaskProvider
[04-03-2025 10:58:32] Debug: TaskParam SymbolTableFillingTask.Input = C:\Users\shreya.naik\Documents\Flask\Sp_demo\sql_output\Airbyte_demo_base\input.wsp
[04-03-2025 10:58:32] Debug: TaskParam workingSet = Artinsoft.Common.Store.RepositoryWorkingSet`2[System.String,Artinsoft.Common.Store.IItemContainer]
[04-03-2025 10:58:32] Debug: TaskParam SymbolTableFillingTask.ItemMedatada = Artinsoft.Common.Store.ItemMetadata
[04-03-2025 10:58:32] Debug: TaskParam SymbolTableFillingTask.Enabled = True
[04-03-2025 10:58:32] Debug: TaskParam Repository = Artinsoft.Common.Store.Repository
[04-03-2025 10:58:32] Debug: TaskParam RepositoryDirectory = C:\Users\shreya.naik\Documents\Flask\Sp_demo\converted_output\.mobilize\CommonEF
[04-03-2025 10:58:32] Info: Step 2/8 - Semantic Analysis of Tables: STARTED
[04-03-2025 10:58:32] Info: Step 2/8 - Semantic Analysis of Tables: COMPLETED
[04-03-2025 10:58:32] Debug: TaskParam TaskProvider = Mobilize.Snow.ConversionTool.Tasks.SnowConvertTaskProvider
[04-03-2025 10:58:32] Debug: TaskParam SymbolTableFillingSecondTask.Input = C:\Users\shreya.naik\Documents\Flask\Sp_demo\sql_output\Airbyte_demo_base\input.wsp
[04-03-2025 10:58:32] Debug: TaskParam workingSet = Artinsoft.Common.Store.RepositoryWorkingSet`2[System.String,Artinsoft.Common.Store.IItemContainer]
[04-03-2025 10:58:32] Debug: TaskParam SymbolTableFillingSecondTask.ItemMedatada = Artinsoft.Common.Store.ItemMetadata
[04-03-2025 10:58:32] Debug: TaskParam SymbolTableFillingSecondTask.Enabled = True
[04-03-2025 10:58:32] Debug: TaskParam Repository = Artinsoft.Common.Store.Repository
[04-03-2025 10:58:32] Debug: TaskParam RepositoryDirectory = C:\Users\shreya.naik\Documents\Flask\Sp_demo\converted_output\.mobilize\CommonEF
[04-03-2025 10:58:32] Info: Step 3/8 - Semantic Analysis of Top Level Objects: STARTED
[04-03-2025 10:58:33] Info: Step 3/8 - Semantic Analysis of Top Level Objects: STORING
[04-03-2025 10:58:34] Info: Step 3/8 - Semantic Analysis of Top Level Objects: STORED
[04-03-2025 10:58:34] Info: Step 3/8 - Semantic Analysis of Top Level Objects: COMPLETED
[04-03-2025 10:58:34] Debug: TaskParam TaskProvider = Mobilize.Snow.ConversionTool.Tasks.SnowConvertTaskProvider
[04-03-2025 10:58:34] Debug: TaskParam PreProcessTask.Input = C:\Users\shreya.naik\Documents\Flask\Sp_demo\sql_output\Airbyte_demo_base\input.wsp
[04-03-2025 10:58:34] Debug: TaskParam workingSet = Artinsoft.Common.Store.RepositoryWorkingSet`2[System.String,Artinsoft.Common.Store.IItemContainer]
[04-03-2025 10:58:34] Debug: TaskParam PreProcessTask.ItemMedatada = Artinsoft.Common.Store.ItemMetadata
[04-03-2025 10:58:34] Debug: TaskParam PreProcessTask.Enabled = True
[04-03-2025 10:58:34] Debug: TaskParam Repository = Artinsoft.Common.Store.Repository
[04-03-2025 10:58:34] Debug: TaskParam RepositoryDirectory = C:\Users\shreya.naik\Documents\Flask\Sp_demo\converted_output\.mobilize\CommonEF
[04-03-2025 10:58:34] Info: Step 4/8 - Pre-Processing: STARTED
[04-03-2025 10:58:34] Info: Step 4/8 - Pre-Processing: COMPLETED
[04-03-2025 10:58:34] Debug: TaskParam Lineage.Input = C:\Users\shreya.naik\Documents\Flask\Sp_demo\sql_output\Airbyte_demo_base\input.wsp
[04-03-2025 10:58:34] Debug: TaskParam workingSet = Artinsoft.Common.Store.RepositoryWorkingSet`2[System.String,Artinsoft.Common.Store.IItemContainer]
[04-03-2025 10:58:34] Debug: TaskParam Lineage.ItemMedatada = Artinsoft.Common.Store.ItemMetadata
[04-03-2025 10:58:34] Debug: TaskParam Lineage.Enabled = True
[04-03-2025 10:58:34] Debug: TaskParam Repository = Artinsoft.Common.Store.Repository
[04-03-2025 10:58:34] Debug: TaskParam RepositoryDirectory = C:\Users\shreya.naik\Documents\Flask\Sp_demo\converted_output\.mobilize\CommonEF
[04-03-2025 10:58:34] Info: Step 5/8 - Data lineage analysis: STARTED
[04-03-2025 10:58:35] Info: Step 5/8 - Data lineage analysis: COMPLETED
[04-03-2025 10:58:35] Debug: TaskParam TaskProvider = Mobilize.Snow.ConversionTool.Tasks.SnowConvertTaskProvider
[04-03-2025 10:58:35] Debug: TaskParam PreConversionAssessmentTask.Input = C:\Users\shreya.naik\Documents\Flask\Sp_demo\sql_output\Airbyte_demo_base\input.wsp
[04-03-2025 10:58:35] Debug: TaskParam workingSet = Artinsoft.Common.Store.RepositoryWorkingSet`2[System.String,Artinsoft.Common.Store.IItemContainer]
[04-03-2025 10:58:35] Debug: TaskParam PreConversionAssessmentTask.ItemMedatada = Artinsoft.Common.Store.ItemMetadata
[04-03-2025 10:58:35] Debug: TaskParam PreConversionAssessmentTask.Enabled = True
[04-03-2025 10:58:35] Debug: TaskParam Repository = Artinsoft.Common.Store.Repository
[04-03-2025 10:58:35] Debug: TaskParam RepositoryDirectory = C:\Users\shreya.naik\Documents\Flask\Sp_demo\converted_output\.mobilize\CommonEF
[04-03-2025 10:58:35] Info: Step 6/8 - Pre-Conversion Assessment: STARTED
[04-03-2025 10:58:35] Info: Step 6/8 - Pre-Conversion Assessment: COMPLETED
[04-03-2025 10:58:35] Debug: TaskParam TaskProvider = Mobilize.Snow.ConversionTool.Tasks.SnowConvertTaskProvider
[04-03-2025 10:58:35] Debug: TaskParam TransformationsTask.Input = C:\Users\shreya.naik\Documents\Flask\Sp_demo\sql_output\Airbyte_demo_base\input.wsp
[04-03-2025 10:58:35] Debug: TaskParam workingSet = Artinsoft.Common.Store.RepositoryWorkingSet`2[System.String,Artinsoft.Common.Store.IItemContainer]
[04-03-2025 10:58:35] Debug: TaskParam TransformationsTask.ItemMedatada = Artinsoft.Common.Store.ItemMetadata
[04-03-2025 10:58:35] Debug: TaskParam TransformationsTask.Enabled = True
[04-03-2025 10:58:35] Debug: TaskParam Repository = Artinsoft.Common.Store.Repository
[04-03-2025 10:58:35] Debug: TaskParam RepositoryDirectory = C:\Users\shreya.naik\Documents\Flask\Sp_demo\converted_output\.mobilize\CommonEF
[04-03-2025 10:58:35] Info: Step 7/8 - Conversion Execution: STARTED
[04-03-2025 10:58:35] Info: Start transforming file dbo_GetStoreRevenue.sql
[04-03-2025 10:58:35] Info: Start transforming file dbo_GetCustomerRentals.sql
[04-03-2025 10:58:35] Info: Start transforming file dbo_GetInactiveCustomers.sql
[04-03-2025 10:58:35] Info: Start transforming file dbo_GetTopRentedMovies.sql
[04-03-2025 10:58:35] Info: Start transforming file dbo_AddRental.sql
[04-03-2025 10:58:35] Info: Transformed file dbo_AddRental.sql
[04-03-2025 10:58:35] Info: Transformed file dbo_GetStoreRevenue.sql
[04-03-2025 10:58:35] Info: Transformed file dbo_GetInactiveCustomers.sql
[04-03-2025 10:58:35] Info: Transformed file dbo_GetCustomerRentals.sql
[04-03-2025 10:58:35] Info: Transformed file dbo_GetTopRentedMovies.sql
[04-03-2025 10:58:36] Info: Step 7/8 - Conversion Execution: COMPLETED
[04-03-2025 10:58:36] Debug: TaskParam SnowScript = True
[04-03-2025 10:58:36] Debug: TaskParam reportPath = C:\Users\shreya.naik\Documents\Flask\Sp_demo\converted_output\Reports\SnowConvert
[04-03-2025 10:58:36] Debug: TaskParam totalProcessedLOC = 0
[04-03-2025 10:58:36] Debug: TaskParam inputPath = C:\Users\shreya.naik\Documents\Flask\Sp_demo\sql_output\Airbyte_demo_base
[04-03-2025 10:58:36] Debug: TaskParam outputPath = C:\Users\shreya.naik\Documents\Flask\Sp_demo\converted_output\Output\SnowConvert
[04-03-2025 10:58:36] Debug: TaskParam SessionTimestamp = 20250304.105826
[04-03-2025 10:58:36] Debug: TaskParam snowConfiguration = Mobilize.Snow.Configuration.SnowConfiguration
[04-03-2025 10:58:36] Debug: TaskParam DashboardMode = False
[04-03-2025 10:58:36] Debug: TaskParam writeResultsProgressDescriptor = Mobilize.Common.Utils.Progress.SingleProgressDescriptor
[04-03-2025 10:58:36] Debug: TaskParam snowExecutionResult = Mobilize.Snow.Assessment.SnowExecutionResult
[04-03-2025 10:58:36] Debug: TaskParam ConversionEndTask.Input = C:\Users\shreya.naik\Documents\Flask\Sp_demo\sql_output\Airbyte_demo_base\input.wsp
[04-03-2025 10:58:36] Debug: TaskParam workingSet = Artinsoft.Common.Store.RepositoryWorkingSet`2[System.String,Artinsoft.Common.Store.IItemContainer]
[04-03-2025 10:58:36] Debug: TaskParam ConversionEndTask.ItemMedatada = Artinsoft.Common.Store.ItemMetadata
[04-03-2025 10:58:36] Debug: TaskParam ConversionEndTask.Enabled = True
[04-03-2025 10:58:36] Debug: TaskParam Repository = Artinsoft.Common.Store.Repository
[04-03-2025 10:58:36] Debug: TaskParam RepositoryDirectory = C:\Users\shreya.naik\Documents\Flask\Sp_demo\converted_output\.mobilize\CommonEF
[04-03-2025 10:58:36] Info: EFProcess 638766827117022279 ended. Execution time: 00:00:04.3195684
[04-03-2025 10:58:36] Info: STARTED Step 8/8: Stats and Reports
[04-03-2025 10:58:36] Info: Writing the conversion summary report
[04-03-2025 10:58:36] Info: Writing the Assessment report
[04-03-2025 10:58:36] Info: Writing the Scope Validations report
[04-03-2025 10:58:36] Info: Writing the raw assessment data report
[04-03-2025 10:58:36] Info: Writing the Elements report
[04-03-2025 10:58:36] Info: Writing the Issues report
[04-03-2025 10:58:36] Info: Writing the missing objects report
[04-03-2025 10:58:36] Info: Writing the object references report
[04-03-2025 10:58:36] Info: Writing the top level code unit report
[04-03-2025 10:58:36] Info: Uploading metadata
[04-03-2025 10:58:36] Info: COMPLETED Step 8/8: Stats and Reports
[04-03-2025 10:58:36] Info: 
==============================================================================
SnowConvert assessment execution summary
 - Files: 5
 - Files Not Generated: 0
 - Total lines of code: 63
 - Automatically converted: 90.48%
 - Conversion time: 00:00:04
 - Conversion speed: 14 lines of code per second
See the report files for more details about the conversion status.
==============================================================================

[04-03-2025 10:58:36] Info: 
==============================================================================
SnowConvert Tool.
Copyright © 2023-2025 Snowflake Inc. All rights reserved.
==============================================================================

